
ID: 53f15898ae35d73d12000001 - {"name"=>"new one", "done"=>true, :_id=>BSON::ObjectId('53f15898ae35d73d12000001')}
ID: 53f158c4ae35d73d12000002 - {"name"=>"new one", "done"=>true, :_id=>BSON::ObjectId('53f158c4ae35d73d12000002')}
ID: 53f158e8ae35d73d19000001 - {"name"=>"new one", "done"=>true, :_id=>BSON::ObjectId('53f158e8ae35d73d19000001')}
ID: 53f15952ae35d73d19000002 - {"name"=>"new one", "done"=>true, :_id=>BSON::ObjectId('53f15952ae35d73d19000002')}
{"name"=>"this is a", "done"=>"false"}
{"name"=>"Record the time now", "done"=>"false", :data_created=>2014-08-18 21:55:01 -0400}
{"todos"=>["53f2ad51ae35d74bf7000018", "53f2abb7ae35d74bf7000017"]}
{"name"=>"1", "done"=>"false", :date_created=>2014-08-18 22:08:27 -0400}
{"name"=>"2", "done"=>"false", :date_created=>2014-08-18 22:08:28 -0400}
{"name"=>"3", "done"=>"false", :date_created=>2014-08-18 22:08:28 -0400}
{"name"=>"5", "done"=>"false", :date_created=>2014-08-18 22:08:29 -0400}
["todos", ["53f2b19dae35d74ca0000004", "53f2b19cae35d74ca0000003", "53f2b19cae35d74ca0000002", "53f2b19bae35d74ca0000001", "53f2ad51ae35d74bf7000018", "53f2abb7ae35d74bf7000017"]]
["todos", ["53f2b19dae35d74ca0000004", "53f2b19cae35d74ca0000003", "53f2b19cae35d74ca0000002", "53f2b19bae35d74ca0000001", "53f2ad51ae35d74bf7000018", "53f2abb7ae35d74bf7000017"]]
["todos", ["53f2b19dae35d74ca0000004", "53f2b19cae35d74ca0000003", "53f2b19cae35d74ca0000002", "53f2b19bae35d74ca0000001", "53f2ad51ae35d74bf7000018", "53f2abb7ae35d74bf7000017"]]
53f2b19dae35d74ca0000004
53f2b19cae35d74ca0000003
53f2b19cae35d74ca0000002
53f2b19bae35d74ca0000001
53f2ad51ae35d74bf7000018
53f2abb7ae35d74bf7000017
{"name"=>"test", "done"=>"false", :date_created=>2014-08-18 22:13:21 -0400}
53f2ad51ae35d74bf7000018
53f2abb7ae35d74bf7000017
{"name"=>"test", "done"=>"false", :date_created=>2014-08-18 22:15:10 -0400}
{"name"=>"test", "done"=>"false", :date_created=>2014-08-18 22:17:07 -0400}
53f2b3a3ae35d74dc6000001
{"name"=>"asdf", "done"=>"false", :date_created=>2014-08-18 22:19:46 -0400}
{"name"=>"test", "done"=>"false", :date_created=>2014-08-18 22:19:57 -0400}
{"name"=>"asdfasdf", "done"=>"false", :date_created=>2014-08-18 22:19:58 -0400}
{"name"=>"f", "done"=>"false", :date_created=>2014-08-18 22:19:59 -0400}
{"name"=>"df", "done"=>"false", :date_created=>2014-08-18 22:19:59 -0400}
{"name"=>"sdf", "done"=>"false", :date_created=>2014-08-18 22:19:59 -0400}
{"name"=>"as", "done"=>"false", :date_created=>2014-08-18 22:19:59 -0400}
{"name"=>"a", "done"=>"false", :date_created=>2014-08-18 22:19:59 -0400}
{"name"=>"f", "done"=>"false", :date_created=>2014-08-18 22:20:00 -0400}
{"name"=>"df", "done"=>"false", :date_created=>2014-08-18 22:20:00 -0400}
{"name"=>"sd", "done"=>"false", :date_created=>2014-08-18 22:20:00 -0400}
{"name"=>"asdf", "done"=>"false", :date_created=>2014-08-18 22:20:00 -0400}
{"name"=>"a", "done"=>"false", :date_created=>2014-08-18 22:20:01 -0400}
{"name"=>"df", "done"=>"false", :date_created=>2014-08-18 22:20:01 -0400}
{"name"=>"s", "done"=>"false", :date_created=>2014-08-18 22:20:01 -0400}
53f2b451ae35d74dd900000e
53f2b451ae35d74dd900000e
{"name"=>"test", "done"=>"false", :date_created=>2014-08-18 22:22:05 -0400}
53f2b4cdae35d74de7000001
{"name"=>"test2", "done"=>"false", :date_created=>2014-08-18 22:28:34 -0400}
53f2b652ae35d74df0000001
{"name"=>"test1", "done"=>"false", :date_created=>"2014-08-18 22:30:21 -0400"}
{"name"=>"test2", "done"=>"false", :date_created=>"2014-08-18 22:30:25 -0400"}
53f2b6c1ae35d74df7000002
53f2b6c1ae35d74df7000002
53f2b6c1ae35d74df7000002
53f2b6c1ae35d74df7000002
53f2b6c1ae35d74df7000002
53f2b6bdae35d74df7000001
{"name"=>"test", "done"=>"false", :date_created=>"2014-08-18 22:34:55 -0400"}
{"name"=>"test", "done"=>"false", :date_created=>"2014-08-18 22:34:56 -0400"}
{"name"=>"test", "done"=>"false", :date_created=>"2014-08-18 22:34:57 -0400"}
53f2b7d1ae35d74e25000003
53f2b7d0ae35d74e25000002
53f2b7cfae35d74e25000001
53f2b6c1ae35d74df7000002
53f2b6bdae35d74df7000001
{"name"=>"asdfasdf", "done"=>"false", :date_created=>"2014-08-18 22:42:01 -0400"}
{"name"=>"asdfasdfasdf", "done"=>"false", :date_created=>"2014-08-18 22:42:03 -0400"}
